<?xml version="1.0" encoding="UTF-8"?>
<!-- Generated by org.testng.reporters.JUnitReportReporter -->
<testsuite skipped="0" hostname="Admins-MacBook-Pro.local" name="testCases.Tests" tests="4" failures="0" timestamp="24 Jun 2018 12:13:48 GMT" time="10.606" errors="0">
  <testcase name="testHomePageAppearCorrect" time="2.811" classname="testCases.Tests"/>
  <testcase name="testCreateNewCustomer" time="3.646" classname="testCases.Tests"/>
  <testcase name="testCreateNewAccount" time="1.945" classname="testCases.Tests"/>
  <testcase name="testCreateNewDeposit" time="2.204" classname="testCases.Tests"/>
</testsuite> <!-- testCases.Tests -->
