<?xml version="1.0" encoding="UTF-8"?>
<!-- Generated by org.testng.reporters.JUnitReportReporter -->
<testsuite skipped="0" hostname="Admins-MacBook-Pro.local" name="testCases.Tests" tests="4" failures="0" timestamp="24 Jun 2018 09:20:12 GMT" time="9.832" errors="0">
  <testcase name="test_Home_Page_Appear_Correct" time="1.921" classname="testCases.Tests"/>
  <testcase name="test_create_new_customer" time="3.794" classname="testCases.Tests"/>
  <testcase name="test_create_new_account" time="1.919" classname="testCases.Tests"/>
  <testcase name="test_create_new_deposit" time="2.198" classname="testCases.Tests"/>
</testsuite> <!-- testCases.Tests -->
